2025-11-06T16:36:21.343-03:00  INFO 13388 --- [Biblioteca-skillnest] [main] c.s.web.TransactionalOperationsTest      : Starting TransactionalOperationsTest using Java 22.0.1 with PID 13388 (started by ariel in C:\Users\nikoc\OneDrive\Documentos\Bootcamp JavaScript\Proyectos\MODULO6\AE3_ABP\biblioteca_skillnest)
2025-11-06T16:36:21.345-03:00 DEBUG 13388 --- [Biblioteca-skillnest] [main] c.s.web.TransactionalOperationsTest      : Running with Spring Boot v3.5.6, Spring v6.2.11
2025-11-06T16:36:21.346-03:00  INFO 13388 --- [Biblioteca-skillnest] [main] c.s.web.TransactionalOperationsTest      : No active profile set, falling back to 1 default profile: "default"
2025-11-06T16:36:21.416-03:00 DEBUG 13388 --- [Biblioteca-skillnest] [main] o.s.w.c.s.GenericWebApplicationContext   : Refreshing org.springframework.web.context.support.GenericWebApplicationContext@3b8ee898
2025-11-06T16:36:22.755-03:00  INFO 13388 --- [Biblioteca-skillnest] [main] .s.d.r.c.RepositoryConfigurationDelegate : Bootstrapping Spring Data JPA repositories in DEFAULT mode.
2025-11-06T16:36:22.949-03:00  INFO 13388 --- [Biblioteca-skillnest] [main] .s.d.r.c.RepositoryConfigurationDelegate : Finished Spring Data repository scanning in 164 ms. Found 2 JPA repository interfaces.
2025-11-06T16:36:24.009-03:00  INFO 13388 --- [Biblioteca-skillnest] [main] o.hibernate.jpa.internal.util.LogHelper  : HHH000204: Processing PersistenceUnitInfo [name: default]
2025-11-06T16:36:24.123-03:00  INFO 13388 --- [Biblioteca-skillnest] [main] org.hibernate.Version                    : HHH000412: Hibernate ORM core version 6.6.29.Final
2025-11-06T16:36:24.161-03:00  INFO 13388 --- [Biblioteca-skillnest] [main] o.h.c.internal.RegionFactoryInitiator    : HHH000026: Second-level cache disabled
2025-11-06T16:36:24.693-03:00  INFO 13388 --- [Biblioteca-skillnest] [main] o.s.o.j.p.SpringPersistenceUnitInfo      : No LoadTimeWeaver setup: ignoring JPA class transformer
2025-11-06T16:36:24.732-03:00  INFO 13388 --- [Biblioteca-skillnest] [main] com.zaxxer.hikari.HikariDataSource       : HikariPool-1 - Starting...
2025-11-06T16:36:25.035-03:00  INFO 13388 --- [Biblioteca-skillnest] [main] com.zaxxer.hikari.pool.HikariPool        : HikariPool-1 - Added connection com.mysql.cj.jdbc.ConnectionImpl@60c98f25
2025-11-06T16:36:25.040-03:00  INFO 13388 --- [Biblioteca-skillnest] [main] com.zaxxer.hikari.HikariDataSource       : HikariPool-1 - Start completed.
2025-11-06T16:36:25.159-03:00  WARN 13388 --- [Biblioteca-skillnest] [main] org.hibernate.orm.deprecation            : HHH90000025: MySQL8Dialect does not need to be specified explicitly using 'hibernate.dialect' (remove the property setting and it will be selected by default)
2025-11-06T16:36:25.163-03:00  WARN 13388 --- [Biblioteca-skillnest] [main] org.hibernate.orm.deprecation            : HHH90000026: MySQL8Dialect has been deprecated; use org.hibernate.dialect.MySQLDialect instead
2025-11-06T16:36:25.199-03:00  INFO 13388 --- [Biblioteca-skillnest] [main] org.hibernate.orm.connections.pooling    : HHH10001005: Database info:
	Database JDBC URL [Connecting through datasource 'HikariDataSource (HikariPool-1)']
	Database driver: undefined/unknown
	Database version: 8.0
	Autocommit mode: undefined/unknown
	Isolation level: undefined/unknown
	Minimum pool size: undefined/unknown
	Maximum pool size: undefined/unknown
2025-11-06T16:36:26.627-03:00  INFO 13388 --- [Biblioteca-skillnest] [main] o.h.e.t.j.p.i.JtaPlatformInitiator       : HHH000489: No JTA platform available (set 'hibernate.transaction.jta.platform' to enable JTA platform integration)
2025-11-06T16:36:26.723-03:00  INFO 13388 --- [Biblioteca-skillnest] [main] j.LocalContainerEntityManagerFactoryBean : Initialized JPA EntityManagerFactory for persistence unit 'default'
2025-11-06T16:36:27.307-03:00  INFO 13388 --- [Biblioteca-skillnest] [main] o.s.d.j.r.query.QueryEnhancerFactory     : Hibernate is in classpath; If applicable, HQL parser will be used.
2025-11-06T16:36:29.813-03:00  WARN 13388 --- [Biblioteca-skillnest] [main] JpaBaseConfiguration$JpaWebConfiguration : spring.jpa.open-in-view is enabled by default. Therefore, database queries may be performed during view rendering. Explicitly configure spring.jpa.open-in-view to disable this warning
2025-11-06T16:36:30.067-03:00 DEBUG 13388 --- [Biblioteca-skillnest] [main] s.w.s.m.m.a.RequestMappingHandlerMapping : 22 mappings in 'requestMappingHandlerMapping'
2025-11-06T16:36:30.363-03:00 DEBUG 13388 --- [Biblioteca-skillnest] [main] o.s.w.s.handler.SimpleUrlHandlerMapping  : Patterns [/webjars/**, /**] in 'resourceHandlerMapping'
2025-11-06T16:36:30.421-03:00 DEBUG 13388 --- [Biblioteca-skillnest] [main] s.w.s.m.m.a.RequestMappingHandlerAdapter : ControllerAdvice beans: 0 @ModelAttribute, 0 @InitBinder, 1 RequestBodyAdvice, 1 ResponseBodyAdvice
2025-11-06T16:36:30.602-03:00 DEBUG 13388 --- [Biblioteca-skillnest] [main] .m.m.a.ExceptionHandlerExceptionResolver : ControllerAdvice beans: 0 @ExceptionHandler, 1 ResponseBodyAdvice
2025-11-06T16:36:30.853-03:00  INFO 13388 --- [Biblioteca-skillnest] [main] c.s.web.TransactionalOperationsTest      : Started TransactionalOperationsTest in 10.995 seconds (process running for 13.336)
2025-11-06T16:36:32.486-03:00  WARN 13388 --- [Biblioteca-skillnest] [main] o.h.engine.jdbc.spi.SqlExceptionHelper   : SQL Error: 1062, SQLState: 23000
2025-11-06T16:36:32.488-03:00 ERROR 13388 --- [Biblioteca-skillnest] [main] o.h.engine.jdbc.spi.SqlExceptionHelper   : Duplicate entry '978-8432217203' for key 'libros.isbn'
2025-11-06T16:36:32.584-03:00  WARN 13388 --- [Biblioteca-skillnest] [main] o.h.engine.jdbc.spi.SqlExceptionHelper   : SQL Error: 1062, SQLState: 23000
2025-11-06T16:36:32.585-03:00 ERROR 13388 --- [Biblioteca-skillnest] [main] o.h.engine.jdbc.spi.SqlExceptionHelper   : Duplicate entry '978-0307474728' for key 'libros.isbn'
2025-11-06T16:36:32.920-03:00 DEBUG 13388 --- [Biblioteca-skillnest] [SpringApplicationShutdownHook] o.s.w.c.s.GenericWebApplicationContext   : Closing org.springframework.web.context.support.GenericWebApplicationContext@3b8ee898, started on Thu Nov 06 16:36:21 CLST 2025
2025-11-06T16:36:32.926-03:00  INFO 13388 --- [Biblioteca-skillnest] [SpringApplicationShutdownHook] j.LocalContainerEntityManagerFactoryBean : Closing JPA EntityManagerFactory for persistence unit 'default'
2025-11-06T16:36:32.931-03:00  INFO 13388 --- [Biblioteca-skillnest] [SpringApplicationShutdownHook] com.zaxxer.hikari.HikariDataSource       : HikariPool-1 - Shutdown initiated...
2025-11-06T16:36:32.951-03:00  INFO 13388 --- [Biblioteca-skillnest] [SpringApplicationShutdownHook] com.zaxxer.hikari.HikariDataSource       : HikariPool-1 - Shutdown completed.
2025-11-06T16:42:05.285-03:00  INFO 5584 --- [Biblioteca-skillnest] [main] c.s.web.TransactionalOperationsTest      : Starting TransactionalOperationsTest using Java 22.0.1 with PID 5584 (started by ariel in C:\Users\nikoc\OneDrive\Documentos\Bootcamp JavaScript\Proyectos\MODULO6\AE3_ABP\biblioteca_skillnest)
2025-11-06T16:42:05.286-03:00 DEBUG 5584 --- [Biblioteca-skillnest] [main] c.s.web.TransactionalOperationsTest      : Running with Spring Boot v3.5.6, Spring v6.2.11
2025-11-06T16:42:05.287-03:00  INFO 5584 --- [Biblioteca-skillnest] [main] c.s.web.TransactionalOperationsTest      : No active profile set, falling back to 1 default profile: "default"
2025-11-06T16:42:05.344-03:00 DEBUG 5584 --- [Biblioteca-skillnest] [main] o.s.w.c.s.GenericWebApplicationContext   : Refreshing org.springframework.web.context.support.GenericWebApplicationContext@51745f40
2025-11-06T16:42:07.087-03:00  INFO 5584 --- [Biblioteca-skillnest] [main] .s.d.r.c.RepositoryConfigurationDelegate : Bootstrapping Spring Data JPA repositories in DEFAULT mode.
2025-11-06T16:42:07.204-03:00  INFO 5584 --- [Biblioteca-skillnest] [main] .s.d.r.c.RepositoryConfigurationDelegate : Finished Spring Data repository scanning in 92 ms. Found 2 JPA repository interfaces.
2025-11-06T16:42:08.037-03:00  INFO 5584 --- [Biblioteca-skillnest] [main] o.hibernate.jpa.internal.util.LogHelper  : HHH000204: Processing PersistenceUnitInfo [name: default]
2025-11-06T16:42:08.194-03:00  INFO 5584 --- [Biblioteca-skillnest] [main] org.hibernate.Version                    : HHH000412: Hibernate ORM core version 6.6.29.Final
2025-11-06T16:42:08.272-03:00  INFO 5584 --- [Biblioteca-skillnest] [main] o.h.c.internal.RegionFactoryInitiator    : HHH000026: Second-level cache disabled
2025-11-06T16:42:08.899-03:00  INFO 5584 --- [Biblioteca-skillnest] [main] o.s.o.j.p.SpringPersistenceUnitInfo      : No LoadTimeWeaver setup: ignoring JPA class transformer
2025-11-06T16:42:08.984-03:00  INFO 5584 --- [Biblioteca-skillnest] [main] com.zaxxer.hikari.HikariDataSource       : HikariPool-1 - Starting...
2025-11-06T16:42:09.402-03:00  INFO 5584 --- [Biblioteca-skillnest] [main] com.zaxxer.hikari.pool.HikariPool        : HikariPool-1 - Added connection com.mysql.cj.jdbc.ConnectionImpl@74fc3fc7
2025-11-06T16:42:09.407-03:00  INFO 5584 --- [Biblioteca-skillnest] [main] com.zaxxer.hikari.HikariDataSource       : HikariPool-1 - Start completed.
2025-11-06T16:42:09.545-03:00  WARN 5584 --- [Biblioteca-skillnest] [main] org.hibernate.orm.deprecation            : HHH90000025: MySQL8Dialect does not need to be specified explicitly using 'hibernate.dialect' (remove the property setting and it will be selected by default)
2025-11-06T16:42:09.548-03:00  WARN 5584 --- [Biblioteca-skillnest] [main] org.hibernate.orm.deprecation            : HHH90000026: MySQL8Dialect has been deprecated; use org.hibernate.dialect.MySQLDialect instead
2025-11-06T16:42:09.599-03:00  INFO 5584 --- [Biblioteca-skillnest] [main] org.hibernate.orm.connections.pooling    : HHH10001005: Database info:
	Database JDBC URL [Connecting through datasource 'HikariDataSource (HikariPool-1)']
	Database driver: undefined/unknown
	Database version: 8.0
	Autocommit mode: undefined/unknown
	Isolation level: undefined/unknown
	Minimum pool size: undefined/unknown
	Maximum pool size: undefined/unknown
2025-11-06T16:42:10.925-03:00  INFO 5584 --- [Biblioteca-skillnest] [main] o.h.e.t.j.p.i.JtaPlatformInitiator       : HHH000489: No JTA platform available (set 'hibernate.transaction.jta.platform' to enable JTA platform integration)
2025-11-06T16:42:11.029-03:00  INFO 5584 --- [Biblioteca-skillnest] [main] j.LocalContainerEntityManagerFactoryBean : Initialized JPA EntityManagerFactory for persistence unit 'default'
2025-11-06T16:42:11.638-03:00  INFO 5584 --- [Biblioteca-skillnest] [main] o.s.d.j.r.query.QueryEnhancerFactory     : Hibernate is in classpath; If applicable, HQL parser will be used.
2025-11-06T16:42:13.763-03:00  WARN 5584 --- [Biblioteca-skillnest] [main] JpaBaseConfiguration$JpaWebConfiguration : spring.jpa.open-in-view is enabled by default. Therefore, database queries may be performed during view rendering. Explicitly configure spring.jpa.open-in-view to disable this warning
2025-11-06T16:42:13.958-03:00 DEBUG 5584 --- [Biblioteca-skillnest] [main] s.w.s.m.m.a.RequestMappingHandlerMapping : 22 mappings in 'requestMappingHandlerMapping'
2025-11-06T16:42:14.251-03:00 DEBUG 5584 --- [Biblioteca-skillnest] [main] o.s.w.s.handler.SimpleUrlHandlerMapping  : Patterns [/webjars/**, /**] in 'resourceHandlerMapping'
2025-11-06T16:42:14.332-03:00 DEBUG 5584 --- [Biblioteca-skillnest] [main] s.w.s.m.m.a.RequestMappingHandlerAdapter : ControllerAdvice beans: 0 @ModelAttribute, 0 @InitBinder, 1 RequestBodyAdvice, 1 ResponseBodyAdvice
2025-11-06T16:42:14.541-03:00 DEBUG 5584 --- [Biblioteca-skillnest] [main] .m.m.a.ExceptionHandlerExceptionResolver : ControllerAdvice beans: 0 @ExceptionHandler, 1 ResponseBodyAdvice
2025-11-06T16:42:14.742-03:00  INFO 5584 --- [Biblioteca-skillnest] [main] c.s.web.TransactionalOperationsTest      : Started TransactionalOperationsTest in 10.204 seconds (process running for 12.054)
2025-11-06T16:42:16.196-03:00 DEBUG 5584 --- [Biblioteca-skillnest] [SpringApplicationShutdownHook] o.s.w.c.s.GenericWebApplicationContext   : Closing org.springframework.web.context.support.GenericWebApplicationContext@51745f40, started on Thu Nov 06 16:42:05 CLST 2025
2025-11-06T16:42:16.203-03:00  INFO 5584 --- [Biblioteca-skillnest] [SpringApplicationShutdownHook] j.LocalContainerEntityManagerFactoryBean : Closing JPA EntityManagerFactory for persistence unit 'default'
2025-11-06T16:42:16.211-03:00  INFO 5584 --- [Biblioteca-skillnest] [SpringApplicationShutdownHook] com.zaxxer.hikari.HikariDataSource       : HikariPool-1 - Shutdown initiated...
2025-11-06T16:42:16.239-03:00  INFO 5584 --- [Biblioteca-skillnest] [SpringApplicationShutdownHook] com.zaxxer.hikari.HikariDataSource       : HikariPool-1 - Shutdown completed.
